c:\users\jaya\perforce\wkspc23\products\sm\wt\debug\wt.pch
c:\users\jaya\perforce\wkspc23\products\sm\wt\debug\vc120.pdb
c:\users\jaya\perforce\wkspc23\products\sm\wt\debug\vc120.idb
c:\users\jaya\perforce\wkspc23\products\sm\wt\debug\stdafx.obj
c:\users\jaya\perforce\wkspc23\products\sm\wt\debug\actypes.obj
c:\users\jaya\perforce\wkspc23\products\sm\wt\debug\artcc.obj
c:\users\jaya\perforce\wkspc23\products\sm\wt\debug\clist.obj
c:\users\jaya\perforce\wkspc23\products\sm\wt\debug\cwaves.obj
c:\users\jaya\perforce\wkspc23\products\sm\wt\debug\dbg_mem.obj
c:\users\jaya\perforce\wkspc23\products\sm\wt\debug\hash_map_fns.obj
c:\users\jaya\perforce\wkspc23\products\sm\wt\debug\routes.obj
c:\users\jaya\perforce\wkspc23\products\sm\wt\debug\surfacec.obj
c:\users\jaya\perforce\wkspc23\products\sm\wt\debug\vehicle.obj
c:\users\jaya\perforce\wkspc23\products\sm\wt\debug\dbf.obj
c:\users\jaya\perforce\wkspc23\products\sm\wt\debug\dbfopen.obj
c:\users\jaya\perforce\wkspc23\products\sm\wt\debug\fnmatch.obj
c:\users\jaya\perforce\wkspc23\products\sm\wt\debug\gates.obj
c:\users\jaya\perforce\wkspc23\products\sm\wt\debug\instancedata.obj
c:\users\jaya\perforce\wkspc23\products\sm\wt\debug\logindialog.obj
c:\users\jaya\perforce\wkspc23\products\sm\wt\debug\lookup3.obj
c:\users\jaya\perforce\wkspc23\products\sm\wt\debug\mgl.obj
c:\users\jaya\perforce\wkspc23\products\sm\wt\debug\mkgmtime.obj
c:\users\jaya\perforce\wkspc23\products\sm\wt\debug\nexrad.obj
c:\users\jaya\perforce\wkspc23\products\sm\wt\debug\pulseserver.obj
c:\users\jaya\perforce\wkspc23\products\sm\wt\debug\regions.obj
c:\users\jaya\perforce\wkspc23\products\sm\wt\debug\servers.obj
c:\users\jaya\perforce\wkspc23\products\sm\wt\debug\shpopen.obj
c:\users\jaya\perforce\wkspc23\products\sm\wt\debug\srfc.obj
c:\users\jaya\perforce\wkspc23\products\sm\wt\debug\sslthreadsupport.obj
c:\users\jaya\perforce\wkspc23\products\sm\wt\debug\strptime.obj
c:\users\jaya\perforce\wkspc23\products\sm\wt\debug\texfont.obj
c:\users\jaya\perforce\wkspc23\products\sm\wt\debug\tracking.obj
c:\users\jaya\perforce\wkspc23\products\sm\wt\debug\xmlflightplans.obj
c:\users\jaya\perforce\wkspc23\products\sm\wt\debug\bitmapfont.obj
c:\users\jaya\perforce\wkspc23\products\sm\wt\debug\colorconvert.obj
c:\users\jaya\perforce\wkspc23\products\sm\wt\debug\ctracks.obj
c:\users\jaya\perforce\wkspc23\products\sm\wt\debug\curl.obj
c:\users\jaya\perforce\wkspc23\products\sm\wt\debug\datathread.obj
c:\users\jaya\perforce\wkspc23\products\sm\wt\debug\dllmain.obj
c:\users\jaya\perforce\wkspc23\products\sm\wt\debug\glutil.obj
c:\users\jaya\perforce\wkspc23\products\sm\wt\debug\shares.obj
c:\users\jaya\perforce\wkspc23\products\sm\wt\debug\simplecrypto.obj
c:\users\jaya\perforce\wkspc23\products\sm\wt\debug\wt.obj
c:\users\jaya\perforce\wkspc23\products\sm\wt\debug\wt.dll
c:\users\jaya\perforce\wkspc23\products\sm\wt\debug\wt.pdb
c:\users\jaya\perforce\wkspc23\products\sm\wt\debug\wt.res
c:\users\jaya\perforce\wkspc23\products\sm\wt\debug\wt.lib
c:\users\jaya\perforce\wkspc23\products\sm\wt\debug\wt.exp
c:\users\jaya\perforce\wkspc23\products\sm\wt\debug\wt.tlog\cl.command.1.tlog
c:\users\jaya\perforce\wkspc23\products\sm\wt\debug\wt.tlog\cl.read.1.tlog
c:\users\jaya\perforce\wkspc23\products\sm\wt\debug\wt.tlog\cl.write.1.tlog
c:\users\jaya\perforce\wkspc23\products\sm\wt\debug\wt.tlog\link.command.1.tlog
c:\users\jaya\perforce\wkspc23\products\sm\wt\debug\wt.tlog\link.read.1.tlog
c:\users\jaya\perforce\wkspc23\products\sm\wt\debug\wt.tlog\link.write.1.tlog
c:\users\jaya\perforce\wkspc23\products\sm\wt\debug\wt.tlog\rc.command.1.tlog
c:\users\jaya\perforce\wkspc23\products\sm\wt\debug\wt.tlog\rc.read.1.tlog
c:\users\jaya\perforce\wkspc23\products\sm\wt\debug\wt.tlog\rc.write.1.tlog
c:\users\jaya\perforce\wkspc23\products\sm\wt\debug\wt.tlog\wt.write.1u.tlog
